<?xml version="1.0" encoding="UTF-8"?>
<!-- Generated by org.testng.reporters.JUnitReportReporter -->
<testsuite hostname="ATMECSINLT-917" failures="0" tests="2" name="com.nic.rs.qa.tests.SRPPageTest" time="117.132" errors="0" timestamp="05 Oct 2021 08:58:28 GMT" skipped="0">
  <testcase classname="com.nic.rs.qa.tests.SRPPageTest" name="verifybedsAndBathFilter" time="58.814"/>
  <testcase classname="com.nic.rs.qa.tests.SRPPageTest" name="verifyHomeTypeFilter" time="58.318"/>
</testsuite> <!-- com.nic.rs.qa.tests.SRPPageTest -->
